<?xml version="1.0" encoding="UTF-8"?>
<testsuite name="src.main.java.TestNotebookManager" tests="4" skipped="0" failures="0" errors="0" timestamp="2017-10-18T16:36:34" hostname="Rileys-MacBook-Pro.local" time="0.148">
  <properties/>
  <testcase name="testEditNote" classname="src.main.java.TestNotebookManager" time="0.036"/>
  <testcase name="testGetNoteFile" classname="src.main.java.TestNotebookManager" time="0.04"/>
  <testcase name="testListFiles" classname="src.main.java.TestNotebookManager" time="0.028"/>
  <testcase name="testGetNoteMention" classname="src.main.java.TestNotebookManager" time="0.044"/>
  <system-out><![CDATA[Please enter the name of the note you would like to edit/create/delete (do not include filetype). Or for a list of current notefilenames, please type 'list'.
Please enter the name of the note you would like to edit/create/delete (do not include filetype). Or for a list of current notefilenames, please type 'list'.
File: _DonaldDuck.txt
File: exceldata5.txt
File: growingBasil.txt
File: How-To-Use-A-Screwdriver.txt
File: MobyDick.txt
File: pages79-84.txt
File: sample.txt
File: sconeRecipe.txt
File: starwars9script.txt
File: stepByStepGuide-lightingCandles.txt
File: sushi-cookbook.txt
File: testFile.txt
File: The-Popes-Tweets.txt
Please enter the name of the note you would like to edit/create/delete (do not include filetype). Or for a list of current notefilenames, please type 'list'.
Please type what you would like to delete from your notebook. If it is an identifier, include the symbol
]]></system-out>
  <system-err><![CDATA[]]></system-err>
</testsuite>
